dagah-1.1.3-update/APKs/AndroidAgentNew/app/build/outputs/logs/manifest-merger-debug-report.txt
-- Merging decision tree log ---
manifest
ADDED from src/main/AndroidManifest.xml:2:1-36:12
	package
		ADDED from src/main/AndroidManifest.xml:5:5-40
		INJECTED from src/main/AndroidManifest.xml
		INJECTED from src/main/AndroidManifest.xml
	android:versionName
		ADDED from src/main/AndroidManifest.xml:4:5-30
		INJECTED from src/main/AndroidManifest.xml
		INJECTED from src/main/AndroidManifest.xml
	android:versionCode
		ADDED from src/main/AndroidManifest.xml:3:5-28
		INJECTED from src/main/AndroidManifest.xml
		INJECTED from src/main/AndroidManifest.xml
	xmlns:android
		ADDED from src/main/AndroidManifest.xml:2:11-69
uses-sdk
ADDED from src/main/AndroidManifest.xml:7:5-43
MERGED from [com.android.support:appcompat-v7:21.0.3] AndroidManifest.xml:15:5-42
MERGED from [com.android.support:support-v4:21.0.3] AndroidManifest.xml:15:5-42
MERGED from [com.virgilsecurity.sdk:android:4.1.0] AndroidManifest.xml:32:5-73
	android:targetSdkVersion
		INJECTED from src/main/AndroidManifest.xml
		INJECTED from src/main/AndroidManifest.xml
	android:minSdkVersion
		ADDED from src/main/AndroidManifest.xml:7:15-41
		INJECTED from src/main/AndroidManifest.xml
		INJECTED from src/main/AndroidManifest.xml
uses-permission#android.permission.WRITE_EXTERNAL_STORAGE
ADDED from src/main/AndroidManifest.xml:9:5-80
	android:name
		ADDED from src/main/AndroidManifest.xml:9:22-78
uses-permission#android.permission.SEND_SMS
ADDED from src/main/AndroidManifest.xml:10:5-66
	android:name
		ADDED from src/main/AndroidManifest.xml:10:22-64
uses-permission#android.permission.INTERNET
ADDED from src/main/AndroidManifest.xml:11:5-66
	android:name
		ADDED from src/main/AndroidManifest.xml:11:22-64
uses-permission#android.permission.RECEIVE_BOOT_COMPLETED
ADDED from src/main/AndroidManifest.xml:12:5-80
	android:name
		ADDED from src/main/AndroidManifest.xml:12:22-78
uses-permission#android.permission.ACCESS_COARSE_LOCATION
ADDED from src/main/AndroidManifest.xml:13:5-80
	android:name
		ADDED from src/main/AndroidManifest.xml:13:22-78
uses-permission#android.permission.READ_PHONE_STATE
ADDED from src/main/AndroidManifest.xml:14:5-74
	android:name
		ADDED from src/main/AndroidManifest.xml:14:22-72
uses-permission#android.permission.ACCESS_WIFI_STATE
ADDED from src/main/AndroidManifest.xml:15:5-75
	android:name
		ADDED from src/main/AndroidManifest.xml:15:22-73
uses-permission#android.permission.ACCESS_NETWORK_STATE
ADDED from src/main/AndroidManifest.xml:16:5-78
	android:name
		ADDED from src/main/AndroidManifest.xml:16:22-76
uses-permission#android.permission.WRITE_SETTINGS
ADDED from src/main/AndroidManifest.xml:17:5-73
	android:name
		ADDED from src/main/AndroidManifest.xml:17:22-70
application
ADDED from src/main/AndroidManifest.xml:19:5-34:19
MERGED from [com.android.support:appcompat-v7:21.0.3] AndroidManifest.xml:16:5-19
MERGED from [com.android.support:support-v4:21.0.3] AndroidManifest.xml:16:5-19
	android:label
		ADDED from src/main/AndroidManifest.xml:21:9-41
	android:icon
		ADDED from src/main/AndroidManifest.xml:20:9-42
service#com.shevirah.androidagent.SMSService
ADDED from src/main/AndroidManifest.xml:22:9-71
	android:name
		ADDED from src/main/AndroidManifest.xml:22:18-69
service#com.shevirah.androidagent.CommandHandlerService
ADDED from src/main/AndroidManifest.xml:23:9-82
	android:name
		ADDED from src/main/AndroidManifest.xml:23:18-80
service#com.shevirah.androidagent.HttpPollingService
ADDED from src/main/AndroidManifest.xml:24:9-79
	android:name
		ADDED from src/main/AndroidManifest.xml:24:18-77
service#com.shevirah.androidagent.WebUploadService
ADDED from src/main/AndroidManifest.xml:25:9-77
	android:name
		ADDED from src/main/AndroidManifest.xml:25:18-75
service#com.shevirah.androidagent.DownloadService
ADDED from src/main/AndroidManifest.xml:26:9-76
	android:name
		ADDED from src/main/AndroidManifest.xml:26:18-74
service#com.shevirah.androidagent.CheckinService
ADDED from src/main/AndroidManifest.xml:27:9-75
	android:name
		ADDED from src/main/AndroidManifest.xml:27:18-73
activity#com.shevirah.androidagent.StagerActivity
ADDED from src/main/AndroidManifest.xml:28:9-76
	android:name
		ADDED from src/main/AndroidManifest.xml:28:19-74
activity#com.shevirah.androidagent.AndroidAgentActivity
ADDED from src/main/AndroidManifest.xml:29:9-233
	android:name
		ADDED from src/main/AndroidManifest.xml:29:19-80
intent-filter#android.intent.action.MAIN+android.intent.category.LAUNCHER
ADDED from src/main/AndroidManifest.xml:29:81-222
action#android.intent.action.MAIN
ADDED from src/main/AndroidManifest.xml:29:96-147
	android:name
		ADDED from src/main/AndroidManifest.xml:29:104-145
category#android.intent.category.LAUNCHER
ADDED from src/main/AndroidManifest.xml:29:147-206
	android:name
		ADDED from src/main/AndroidManifest.xml:29:157-204
receiver#com.shevirah.androidagent.ServiceAutoStarter
ADDED from src/main/AndroidManifest.xml:31:9-190
	android:name
		ADDED from src/main/AndroidManifest.xml:31:19-78
intent-filter#android.intent.action.BOOT_COMPLETED
ADDED from src/main/AndroidManifest.xml:31:79-179
action#android.intent.action.BOOT_COMPLETED
ADDED from src/main/AndroidManifest.xml:31:94-163
	android:name
		ADDED from src/main/AndroidManifest.xml:31:102-153
receiver#com.shevirah.androidagent.AdminReceiver
ADDED from src/main/AndroidManifest.xml:32:9-334
	android:permission
		ADDED from src/main/AndroidManifest.xml:32:74-131
	android:name
		ADDED from src/main/AndroidManifest.xml:32:19-73
intent-filter#android.app.action.DEVICE_ADMIN_ENABLED
ADDED from src/main/AndroidManifest.xml:32:132-227
action#android.app.action.DEVICE_ADMIN_ENABLED
ADDED from src/main/AndroidManifest.xml:32:147-211
	android:name
		ADDED from src/main/AndroidManifest.xml:32:155-209
meta-data#android.app.device_admin
ADDED from src/main/AndroidManifest.xml:32:227-323
	android:resource
		ADDED from src/main/AndroidManifest.xml:32:278-321
	android:name
		ADDED from src/main/AndroidManifest.xml:32:238-277